
gpio.elf:     file format elf32-avr

Sections:
Idx Name          Size      VMA       LMA       File off  Algn
  0 .text         00000068  00000000  00000000  00000054  2**1
                  CONTENTS, ALLOC, LOAD, READONLY, CODE

Disassembly of section .text:

00000000 <__vectors>:
   0:	0c c0       	rjmp	.+24     	; 0x1a <__ctors_end>
   2:	13 c0       	rjmp	.+38     	; 0x2a <__bad_interrupt>
   4:	12 c0       	rjmp	.+36     	; 0x2a <__bad_interrupt>
   6:	11 c0       	rjmp	.+34     	; 0x2a <__bad_interrupt>
   8:	10 c0       	rjmp	.+32     	; 0x2a <__bad_interrupt>
   a:	0f c0       	rjmp	.+30     	; 0x2a <__bad_interrupt>
   c:	0e c0       	rjmp	.+28     	; 0x2a <__bad_interrupt>
   e:	0d c0       	rjmp	.+26     	; 0x2a <__bad_interrupt>
  10:	0c c0       	rjmp	.+24     	; 0x2a <__bad_interrupt>
  12:	0b c0       	rjmp	.+22     	; 0x2a <__bad_interrupt>
  14:	0a c0       	rjmp	.+20     	; 0x2a <__bad_interrupt>
  16:	09 c0       	rjmp	.+18     	; 0x2a <__bad_interrupt>
  18:	08 c0       	rjmp	.+16     	; 0x2a <__bad_interrupt>

0000001a <__ctors_end>:
  1a:	11 24       	eor	r1, r1
  1c:	1f be       	out	0x3f, r1	; 63
  1e:	cf ef       	ldi	r28, 0xFF	; 255
  20:	d3 e0       	ldi	r29, 0x03	; 3
  22:	de bf       	out	0x3e, r29	; 62
  24:	cd bf       	out	0x3d, r28	; 61
  26:	13 d0       	rcall	.+38     	; 0x4e <main>
  28:	1d c0       	rjmp	.+58     	; 0x64 <_exit>

0000002a <__bad_interrupt>:
  2a:	ea cf       	rjmp	.-44     	; 0x0 <__vectors>

0000002c <fib>:
  2c:	0f 93       	push	r16
  2e:	1f 93       	push	r17
  30:	18 2f       	mov	r17, r24
  32:	11 50       	subi	r17, 0x01	; 1
  34:	00 e0       	ldi	r16, 0x00	; 0
  36:	12 30       	cpi	r17, 0x02	; 2
  38:	28 f0       	brcs	.+10     	; 0x44 <__SREG__+0x5>
  3a:	81 2f       	mov	r24, r17
  3c:	f7 df       	rcall	.-18     	; 0x2c <fib>
  3e:	08 0f       	add	r16, r24
  40:	12 50       	subi	r17, 0x02	; 2
  42:	f9 cf       	rjmp	.-14     	; 0x36 <__CCP__+0x2>
  44:	80 2f       	mov	r24, r16
  46:	8f 5f       	subi	r24, 0xFF	; 255
  48:	1f 91       	pop	r17
  4a:	0f 91       	pop	r16
  4c:	08 95       	ret

0000004e <main>:
  4e:	11 b8       	out	0x01, r1	; 1
  50:	8f ef       	ldi	r24, 0xFF	; 255
  52:	84 b9       	out	0x04, r24	; 4
  54:	15 b8       	out	0x05, r1	; 5
  56:	8c e0       	ldi	r24, 0x0C	; 12
  58:	e9 df       	rcall	.-46     	; 0x2c <fib>
  5a:	80 39       	cpi	r24, 0x90	; 144
  5c:	11 f4       	brne	.+4      	; 0x62 <main+0x14>
  5e:	81 e0       	ldi	r24, 0x01	; 1
  60:	85 b9       	out	0x05, r24	; 5
  62:	ff cf       	rjmp	.-2      	; 0x62 <main+0x14>

00000064 <_exit>:
  64:	f8 94       	cli

00000066 <__stop_program>:
  66:	ff cf       	rjmp	.-2      	; 0x66 <__stop_program>
